<?xml version="1.0" encoding="UTF-8"?>
<!-- Generated by org.testng.reporters.JUnitReportReporter -->
<testsuite hostname="DESKTOP-ICSBMB7" failures="0" tests="1" name="com.extentreports.tests.ExtentReports_5_AttachLogo_UsingXML" time="1.700" errors="0" timestamp="2021-01-27T18:03:17 IST" skipped="0">
  <testcase classname="com.extentreports.tests.ExtentReports_5_AttachLogo_UsingXML" name="extentTest" time="1.700"/>
  <system-out/>
</testsuite> <!-- com.extentreports.tests.ExtentReports_5_AttachLogo_UsingXML -->
