<?xml version="1.0" encoding="UTF-8"?>
<!-- Generated by org.testng.reporters.JUnitReportReporter -->
<testsuite hostname="DESKTOP-ICSBMB7" failures="0" tests="1" name="com.extentreports.tests.ExtentReports_5_Customised" time="1.853" errors="0" timestamp="2021-01-27T17:47:00 IST" skipped="0">
  <testcase classname="com.extentreports.tests.ExtentReports_5_Customised" name="extentTest" time="1.853"/>
  <system-out/>
</testsuite> <!-- com.extentreports.tests.ExtentReports_5_Customised -->
