<?xml version="1.0" encoding="UTF-8"?>
<!-- Generated by org.testng.reporters.JUnitReportReporter -->
<testsuite hostname="DESKTOP-ICSBMB7" failures="0" tests="1" name="com.extentreports.tests.ExtentReports_5_UsingJSON" time="2.231" errors="0" timestamp="2021-01-27T03:26:41 IST" skipped="0">
  <testcase classname="com.extentreports.tests.ExtentReports_5_UsingJSON" name="extentTest" time="2.231"/>
  <system-out/>
</testsuite> <!-- com.extentreports.tests.ExtentReports_5_UsingJSON -->
