<?xml version="1.0" encoding="UTF-8"?>
<!-- Generated by org.testng.reporters.JUnitReportReporter -->
<testsuite skipped="0" hostname="DESKTOP-ICSBMB7" name="com.extentreports.tests.ExtentReports_5_Customised_And_List" tests="1" failures="0" timestamp="2021-01-27T20:36:23 IST" time="3.198" errors="0">
  <testcase name="extentTest" time="3.198" classname="com.extentreports.tests.ExtentReports_5_Customised_And_List"/>
  <system-out/>
</testsuite> <!-- com.extentreports.tests.ExtentReports_5_Customised_And_List -->
