<?xml version="1.0" encoding="UTF-8"?>
<!-- Generated by org.testng.reporters.JUnitReportReporter -->
<testsuite hostname="DESKTOP-ICSBMB7" failures="0" tests="1" name="com.extentreports.tests.ExtentReports_5_Logging_XMLAndJSON" time="1.674" errors="0" timestamp="2021-01-27T13:15:07 IST" skipped="0">
  <testcase classname="com.extentreports.tests.ExtentReports_5_Logging_XMLAndJSON" name="extentTest" time="1.674"/>
  <system-out/>
</testsuite> <!-- com.extentreports.tests.ExtentReports_5_Logging_XMLAndJSON -->
