<?xml version="1.0" encoding="UTF-8"?>
<!-- Generated by org.testng.reporters.JUnitReportReporter -->
<testsuite hostname="DESKTOP-ICSBMB7" failures="0" tests="1" name="com.extentreports.tests.selenium.ExtentReports_5_AttachScreenshot_AsFile" time="7.114" errors="0" timestamp="2021-01-27T19:22:31 IST" skipped="0">
  <testcase classname="com.extentreports.tests.selenium.ExtentReports_5_AttachScreenshot_AsFile" name="extent_attachScreenshotTest" time="7.114"/>
  <system-out/>
</testsuite> <!-- com.extentreports.tests.selenium.ExtentReports_5_AttachScreenshot_AsFile -->
