<?xml version="1.0" encoding="UTF-8"?>
<!-- Generated by org.testng.reporters.JUnitReportReporter -->
<testsuite hostname="DESKTOP-ICSBMB7" failures="0" tests="1" name="com.extentreports.tests.selenium.ExtentReports_5_AttachScreenshot_Base64" time="6.759" errors="0" timestamp="2021-01-27T19:00:31 IST" skipped="0">
  <testcase classname="com.extentreports.tests.selenium.ExtentReports_5_AttachScreenshot_Base64" name="extent_attachScreenshotTest" time="6.759"/>
  <system-out/>
</testsuite> <!-- com.extentreports.tests.selenium.ExtentReports_5_AttachScreenshot_Base64 -->
