<?xml version="1.0" encoding="UTF-8"?>
<!-- Generated by org.testng.reporters.JUnitReportReporter -->
<testsuite hostname="DESKTOP-ICSBMB7" failures="0" tests="1" name="com.extentreports.tests.ExtentReports_5_UsingXML" time="3.022" errors="0" timestamp="2021-01-27T03:32:50 IST" skipped="0">
  <testcase classname="com.extentreports.tests.ExtentReports_5_UsingXML" name="extentTest" time="3.022"/>
  <system-out/>
</testsuite> <!-- com.extentreports.tests.ExtentReports_5_UsingXML -->
