<?xml version="1.0" encoding="UTF-8"?>
<!-- Generated by org.testng.reporters.JUnitReportReporter -->
<testsuite hostname="DESKTOP-ICSBMB7" failures="0" tests="1" name="com.extentreports.tests.selenium.ExtentReports_5_AttachScreenshot_AsBase64_SimpleWay" time="5.711" errors="0" timestamp="2021-01-27T19:13:09 IST" skipped="0">
  <testcase classname="com.extentreports.tests.selenium.ExtentReports_5_AttachScreenshot_AsBase64_SimpleWay" name="extent_attachScreenshotTest" time="5.711"/>
  <system-out/>
</testsuite> <!-- com.extentreports.tests.selenium.ExtentReports_5_AttachScreenshot_AsBase64_SimpleWay -->
