<?xml version="1.0" encoding="UTF-8"?>
<!-- Generated by org.testng.reporters.JUnitReportReporter -->
<testsuite hostname="DESKTOP-ICSBMB7" failures="0" tests="1" name="com.extentreports.tests.ExtentReports_5_Customised_And_Map" time="1.832" errors="0" timestamp="2021-01-27T17:49:46 IST" skipped="0">
  <testcase classname="com.extentreports.tests.ExtentReports_5_Customised_And_Map" name="extentTest" time="1.832"/>
  <system-out/>
</testsuite> <!-- com.extentreports.tests.ExtentReports_5_Customised_And_Map -->
